"inletvel2-rfile"
"Time Step" "inletvel2"
("Time Step" "inletvel2")
0 0.9960029753316292
1 0.9972503191002376
2 0.9924714595233738
3 0.9969044377274278
4 0.9940728977360573
5 0.995141688573963
6 0.9936485782595935
7 0.9938027412786816
8 0.9931481305830011
9 0.9933268825530338
10 0.993431495507011
11 0.9940505586820317
12 0.9947041776341885
13 0.9955229613948912
14 0.9962352589428239
15 0.9968117142041603
16 0.9971548459217908
17 0.9973653150902346
18 0.9974865075961676
19 0.9976219001660555
20 0.9978448900158834
21 0.9982182009492829
22 0.9987442427869113
23 0.9989345322340651
24 0.9989136187945329
25 0.9985356361292714
26 0.9988429149931122
27 0.9984601031541955
28 0.9989213300922528
29 0.9984221873341497
30 0.9992335573322484
31 0.9987869055568146
32 0.9993500295553348
33 0.9992582840617027
34 0.9990530650524827
35 0.9992482996842345
36 0.9993639852567543
37 0.9991357757359571
38 0.9989928676227281
39 0.9987250370731633
40 0.9989697083080988
41 0.9984884336372426
42 0.998821017951345
43 0.9983043656079128
44 0.998825003846517
45 0.9985172422159703
46 0.9983823158767636
47 0.9981256028485073
48 0.9979854574369292
49 0.9977385891056157
50 0.9979176797546239
51 0.9977539905344012
52 0.9976217582714443
53 0.9972943549342231
54 0.9979713116144491
55 0.997325478709813
56 0.9973474785447147
57 0.9974049210171044
58 0.9971530575891584
59 0.9970079388962639
60 0.9967646218792323
61 0.9965671816253385
62 0.9968208577188411
63 0.9964506591916444
64 0.9968760053701952
65 0.996417425768844
66 0.996430210352917
67 0.9960803223703277
68 0.99644688452799
69 0.9959822658642992
70 0.9964058781991325
71 0.9958039336930053
72 0.9957233419244924
73 0.9957574053262773
74 0.9959840640119331
75 0.9953228972889188
76 0.9956598655883956
77 0.9956179635577788
78 0.9955084162847122
79 0.9953021146304608
80 0.9950086795100983
81 0.9955362581014564
82 0.9951090662951707
83 0.9950736205273755
84 0.994601089466815
85 0.9948460441593693
86 0.9942923367737402
87 0.9947106601760746
88 0.9941577291824408
89 0.9946836503772478
90 0.9941170354557552
91 0.9941740039210737
92 0.9942289035066271
93 0.9939304555688162
94 0.994250376142094
95 0.9937759750854533
96 0.9942231185948295
97 0.9936612541253378
98 0.9936817218163885
99 0.9937268844877836
100 0.9934269167492249
101 0.9937463767672803
102 0.9932609266463777
103 0.9937116695529503
104 0.9931283967240212
105 0.9931460810340841
106 0.9931791485850447
107 0.9928689960420131
108 0.9926800918160965
109 0.992840843375511
110 0.9929216955005661
111 0.9926243127810156
112 0.9929257334172041
113 0.9924140725636121
114 0.9923476334009028
115 0.9918992707351229
116 0.9922059755184519
117 0.9921435197935912
118 0.9919136523861073
119 0.9916440899596403
120 0.991843835423475
121 0.9918679395667958
122 0.9915816620791971
123 0.9913580168776134
124 0.9910219463270376
125 0.9912384620412172
126 0.990727198114192
127 0.9916166202765641
128 0.9907973825159949
129 0.9909966803265517
130 0.99033137795278
131 0.9902754526214855
132 0.9902428888086288
133 0.9903831943835122
134 0.9899641623106598
135 0.9897972056539404
136 0.9898690064296543
137 0.9894210109616088
138 0.9892249885606563
139 0.9892850722045161
140 0.9888167225527318
141 0.9886172028488998
142 0.9886613286334073
143 0.9886851831413945
144 0.9882793081946633
145 0.9885385745856844
146 0.9879104096528294
147 0.9878251308675312
148 0.9877565781363152
149 0.987347523629248
150 0.9875711866800267
151 0.9869420579097836
152 0.9868379735070377
153 0.9867629044560221
154 0.9868299261457703
155 0.9868430699303599
156 0.9864120690220473
157 0.9861487659564918
158 0.986177112104684
159 0.9856351635649564
160 0.9854119093100284
161 0.9848777939806532
162 0.9850637107463156
163 0.9843560698757602
164 0.9847331279361663
165 0.9838823120719536
166 0.9838766423303635
167 0.9836220294010686
168 0.9837410870853067
169 0.9831064554470009
170 0.9834141447035989
171 0.9825742148354588
172 0.9830206893267449
173 0.9820399915095603
174 0.9820842718026923
175 0.9817207452719453
176 0.9813580997581871
177 0.9808671782925086
178 0.9809291291553086
179 0.9806969710869275
180 0.9802743242910955
181 0.9803356737415916
182 0.9796081416980608
183 0.9793879548021616
184 0.9796756092881805
185 0.9788974530210545
186 0.9787687712418744
187 0.9779341964803858
188 0.9781736398052912
189 0.9771730472429075
190 0.9770974065300125
191 0.9766751516263344
192 0.9762365864587683
193 0.9761702213892821
194 0.9754231579777545
195 0.9756115000782553
196 0.9746198574595766
197 0.9750031115949883
198 0.973803302962628
199 0.974346566971503
200 0.9729797456031233
201 0.9736459690116327
202 0.9721471502514302
203 0.9724131711248891
204 0.971547659313739
205 0.971864243894167
206 0.9706806183959912
207 0.9711624832125006
208 0.9697625266466604
209 0.9699033550154925
210 0.9690753878746973
211 0.9692858607084416
212 0.968109167325768
213 0.9680174972717789
214 0.9678429427520473
215 0.9671062724787681
216 0.9666226825723976
217 0.9657882852787288
218 0.9652351607660228
219 0.9648976516328641
220 0.9645378842290829
221 0.9637295757699909
222 0.9636783000638294
223 0.9625271163406364
224 0.9627572968186083
225 0.9612962920427901
226 0.9617907136641884
227 0.9605222432986763
228 0.960500286201485
229 0.9590504523631446
230 0.9594499633420451
231 0.9576885146472144
232 0.9578821499612702
233 0.9565880615663471
234 0.9569211054399657
235 0.9552080540783342
236 0.9558304127649627
237 0.9537509700099916
238 0.9546871025681039
239 0.9522218002822775
240 0.9535273710482257
241 0.9511967971408422
242 0.9520681541561099
243 0.9494409691542359
244 0.9507726936847488
245 0.9482093123931437
246 0.949701721199153
247 0.9465217728780611
248 0.9479581179029356
249 0.9449997752279986
250 0.9462989885870816
251 0.9434936046790673
252 0.9446015827635627
253 0.9419057003005002
254 0.9433582650400866
255 0.9399260758584413
256 0.941487484568335
257 0.9380983796746367
258 0.9401910373796702
259 0.935885682527026
260 0.9388110909003364
261 0.9334923826361358
262 0.9375276108095352
263 0.9313871727024672
264 0.9360162165539698
265 0.928506982003622
266 0.9348873409374111
267 0.9253634349195665
268 0.9345932920543387
269 0.9219418814280247
270 0.9338366752690936
271 0.9181109419243825
272 0.934087430069684
273 0.9131783234262312
274 0.934650016476245
275 0.9073638654521791
276 0.9365300213162147
277 0.8999018021379169
