"wallpressureabsolute2-rfile"
"Time Step" "wallpressureabsolute2"
("Time Step" "wallpressureabsolute2")
0 141269.2275954071
1 143720.2588763366
2 140354.538892859
3 141468.1856201494
4 140512.2982500777
5 140970.5908546112
6 140615.6184154282
7 140794.1904469134
8 140660.8724457549
9 140732.736966734
10 140683.8758324446
11 140704.3387117778
12 140656.7436373773
13 140620.71331454
14 140549.2812664812
15 140475.9552578799
16 140393.2402975908
17 140325.5399932174
18 140263.5534442673
19 140213.3196857374
20 140168.8861108024
21 140127.8137484766
22 140081.2145401239
23 139976.9196813747
24 139894.0723881506
25 139799.828305244
26 139829.0601482211
27 139684.4824642652
28 139730.3633544066
29 139550.3534387488
30 139650.2706525206
31 139424.675507401
32 139489.9367436889
33 139336.7203646683
34 139263.4083283163
35 139250.0750830762
36 139169.2117527355
37 139061.5811819961
38 139011.1513260604
39 138933.0283404741
40 138930.0086904987
41 138771.0510092656
42 138807.7228962975
43 138630.5940717701
44 138692.0962907257
45 138510.4695223828
46 138468.0834893756
47 138384.8221149815
48 138331.5535408582
49 138248.1160376199
50 138228.0757330873
51 138107.803029134
52 138039.6314463921
53 137945.1636810363
54 137990.2609130441
55 137740.0513767941
56 137759.2351175152
57 137680.9965610613
58 137563.9055882302
59 137503.5324981697
60 137414.471308766
61 137345.4484283181
62 137319.3797598196
63 137155.6312085177
64 137176.3783393172
65 136975.1878314381
66 136960.8828692088
67 136833.361513557
68 136840.0664872131
69 136644.9746858123
70 136674.3337723813
71 136452.1293111759
72 136446.6485829713
73 136370.6738908897
74 136299.7595308688
75 136098.8141350505
76 136143.7080015395
77 135992.6165620633
78 135892.577586
79 135789.6680125616
80 135690.8681085106
81 135697.8452261293
82 135470.6467456644
83 135433.3117412978
84 135284.3739404103
85 135282.7521943727
86 135080.6278714963
87 135110.2667428398
88 134879.792591296
89 134921.1360561325
90 134668.835929489
91 134658.3616110578
92 134548.0885179516
93 134397.8703143592
94 134371.3708319396
95 134157.3538693976
96 134172.1673098489
97 133925.471806017
98 133903.5321400205
99 133790.0924549836
100 133634.5045787125
101 133602.2827802002
102 133379.0923590636
103 133389.7219320074
104 133131.5360629369
105 133105.9909786105
106 132984.8493117392
107 132821.4154720249
108 132725.714239718
109 132647.8120488435
110 132505.1859019894
111 132332.6561800681
112 132286.0761632739
113 132049.5950873954
114 131993.5060103869
115 131819.4876691328
116 131791.9213212079
117 131603.8079004439
118 131452.5045761919
119 131322.1963367836
120 131248.1342964869
121 131079.1621114069
122 130901.0794556061
123 130779.3530164323
124 130634.2969207279
125 130567.2398082717
126 130326.0416755531
127 130364.3700239319
128 129974.907783217
129 129983.2075857705
130 129719.0574081983
131 129670.7872331401
132 129519.3936640177
133 129383.9362718828
134 129153.1036602099
135 129044.8545073805
136 128919.5786759014
137 128689.9339838512
138 128577.3970172639
139 128448.2829428387
140 128216.6117501233
141 128100.6433019023
142 127966.7548540742
143 127790.3465009458
144 127563.6628328732
145 127484.7882770992
146 127188.9347403119
147 127105.0211718692
148 126927.9488875354
149 126706.9861656091
150 126616.9030225087
151 126315.8194798234
152 126221.7099896127
153 126036.1862250098
154 125863.9541405145
155 125664.311897738
156 125414.276997161
157 125258.7753133501
158 125103.1504931497
159 124831.7280956308
160 124693.0493444116
161 124458.3770399652
162 124362.0067729146
163 124035.0316681471
164 123984.6201249417
165 123602.3040426786
166 123532.2428313414
167 123277.2707055255
168 123110.6288063148
169 122785.2712108217
170 122703.7178210435
171 122318.7793811587
172 122285.4231075367
173 121853.1021220013
174 121793.1406489401
175 121499.2380761776
176 121275.970912398
177 121036.067010403
178 120878.9538870487
179 120585.0902774686
180 120321.6652185085
181 120146.8770792814
182 119786.1490508465
183 119627.3541719255
184 119430.6056521502
185 119014.1764529212
186 118877.4886672637
187 118534.0822697386
188 118446.0328798741
189 118009.7019363427
190 117903.9066686628
191 117578.4757807494
192 117311.9123593052
193 117087.6844118282
194 116714.5342171088
195 116570.2504001499
196 116112.9781045488
197 116032.5625438064
198 115503.9194268177
199 115476.7163757079
200 114891.7649964031
201 114903.159846034
202 114279.7558186567
203 114267.5660483739
204 113774.2724813601
205 113632.7313380312
206 113090.3451705007
207 113025.7167369308
208 112414.7846927214
209 112348.358814756
210 111858.4228680513
211 111672.7815089397
212 111125.2930650472
213 110971.444831776
214 110582.8879197561
215 110146.6797926505
216 109849.1702989104
217 109456.2467184906
218 109157.0296121237
219 108821.4938816674
220 108433.8727080689
221 107997.0451520723
222 107734.4921105077
223 107187.7964162949
224 107014.4808710631
225 106365.3871640484
226 106277.9771845886
227 105580.204179558
228 105408.2633911872
229 104793.8814661713
230 104671.2287113415
231 103916.8229639062
232 103831.5156474247
233 103158.5093057648
234 102975.3532027192
235 102217.9139159515
236 102138.9448877179
237 101265.9894868071
238 101293.9380458805
239 100295.8938788411
240 100417.7346172492
241 99335.23712291002
242 99397.3752358995
243 98372.77599331512
244 98527.28664360275
245 97393.36583347087
246 97541.74381402512
247 96295.75805273934
248 96570.98009354522
249 95351.0000188659
250 95529.88599441758
251 94335.55766829879
252 94469.59119780576
253 93312.17602989187
254 93426.67971393111
255 92112.67504240989
256 92406.08628946327
257 91042.70306758594
258 91385.5406210115
259 89811.86836776267
260 90406.25958160982
261 88493.64960413039
262 89407.68980376396
263 87129.57555113416
264 88283.30142374347
265 85730.55925563059
266 87395.01131037741
267 84169.8384751745
268 86566.50380030234
269 82344.5520936742
270 85632.45483930466
271 80499.05864532788
272 84971.67796957244
273 78305.81215034341
274 84532.39607583915
275 75899.51768547983
276 84400.1007665591
277 73026.31969156182
