"midwallpressureabsolute-rfile"
"Time Step" "midwallpressureabsolute"
("Time Step" "midwallpressureabsolute")
0 151328.9781622051
1 151759.5597166053
2 151304.9412469108
3 151406.7096414588
4 151324.3994403398
5 151308.0854564149
6 151298.3772727704
7 151285.5484439583
8 151273.9921610177
9 151261.5267476345
10 151249.5794134628
11 151236.6981758635
12 151224.2962102001
13 151210.8985846463
14 151197.9515974844
15 151184.0519657354
16 151170.6066226676
17 151156.066983924
18 151141.9905840915
19 151126.9350889381
20 151112.2782638323
21 151096.6125277395
22 151081.315234843
23 151065.0288481367
24 151049.1002299136
25 150996.5354377502
26 151018.9183621053
27 151037.2501254696
28 150980.5556433572
29 150962.3185107674
30 150945.0754651869
31 150925.9137851315
32 150906.994041219
33 150852.7950192166
34 150906.3748280255
35 150847.8372796595
36 150826.5052766227
37 150806.3598362089
38 150751.2413814139
39 150801.72064146
40 150740.9810621784
41 150717.7038257526
42 150696.4502651791
43 150672.2921221314
44 150649.1710984955
45 150624.6812175378
46 150600.2325802367
47 150575.2756909185
48 150550.3009181232
49 150523.8893328098
50 150497.9504621032
51 150470.2835057029
52 150443.4549532656
53 150415.3873747424
54 150386.6424161841
55 150357.4927270079
56 150327.794060233
57 150296.9052713103
58 150266.6112823116
59 150235.0104808352
60 150202.9216179911
61 150169.6561932678
62 150136.0436722047
63 150100.8047857764
64 150065.9923745253
65 150029.5220182445
66 149993.2468150012
67 149954.3649992991
68 149916.0188934435
69 149876.036394476
70 149835.1430942447
71 149792.9048511935
72 149749.5964832788
73 149704.2787852249
74 149659.3273386094
75 149612.1000615997
76 149563.776531305
77 149514.0041012828
78 149462.5165561214
79 149408.7157091555
80 149354.8340292508
81 149298.0414659801
82 149239.9298772375
83 149178.6280224059
84 149115.9637639689
85 149052.112821808
86 148986.307722854
87 148915.84744489
88 148845.3859265093
89 148770.0275080441
90 148691.421472743
91 148612.8430136881
92 148529.9740119245
93 148444.4833383714
94 148355.3607996455
95 148261.463032529
96 148165.0926538453
97 148065.064935678
98 147963.2138299601
99 147855.4051536534
100 147741.8451307956
101 147622.4428696925
102 147499.3784775248
103 147366.6644473423
104 147233.2690097715
105 147094.7400632251
106 146945.0202424477
107 146791.8751161705
108 146629.6634692141
109 146457.0239978871
110 146282.6812084772
111 146089.7544367738
112 145892.9599929297
113 145687.1197936951
114 145469.4182964166
115 145237.5968978542
116 144995.8844009669
117 144745.7768252078
118 144543.3463503562
119 144249.8749122937
120 143946.7031708423
121 143619.9376125853
122 143290.9846002663
123 142922.4720457982
124 142551.8416028756
125 142088.6949320297
126 141595.4451407125
127 141127.398608912
128 140631.8984249719
129 140092.3164131066
130 139504.1181745408
